<?xml version="1.0" encoding="UTF-8"?>
<testsuite xmlns:xsi="http://www.w3.org/2001/XMLSchema-instance" xsi:noNamespaceSchemaLocation="https://maven.apache.org/surefire/maven-surefire-plugin/xsd/surefire-test-report-3.0.xsd" version="3.0" name="ToDoListTest" time="0.056" tests="5" errors="0" skipped="0" failures="0">
  <properties>
[...]
</properties>
  <testcase name="testAddTask" classname="ToDoListTest" time="0.003"/>
  <testcase name="testUpdateTask" classname="ToDoListTest" time="0"/>
  <testcase name="testViewTasks" classname="ToDoListTest" time="0"/>
  <testcase name="testMarkTaskAsCompleted" classname="ToDoListTest" time="0"/>
  <testcase name="testDeleteTask" classname="ToDoListTest" time="0"/>
</testsuite>